Flutter crash report.
Please report a bug at https://github.com/flutter/flutter/issues.

## command

flutter debug_adapter

## exception

RPCError: readyToResume: (-32603) Unexpected DWDS error for resume: WipError -32000 Cannot find context with specified id

```
#0      new _OutstandingRequest (package:vm_service/src/vm_service.dart:268:34)
#1      VmService._call.<anonymous closure> (package:vm_service/src/vm_service.dart:1950:25)
#2      VmService._call (package:vm_service/src/vm_service.dart:1962:8)
#3      VmService.callServiceExtension (package:vm_service/src/vm_service.dart:1901:14)
#4      VmService.callMethod (package:vm_service/src/vm_service.dart:1884:12)
#5      DdsExtension._callHelper (package:dds_service_extensions/dds_service_extensions.dart:369:12)
#6      DdsExtension.readyToResume (package:dds_service_extensions/dds_service_extensions.dart:327:12)
<asynchronous suspension>
#7      IsolateManager._readyToResume (package:dds/src/dap/isolate_manager.dart:425:7)
<asynchronous suspension>
#8      IsolateManager.readyToResumeThread (package:dds/src/dap/isolate_manager.dart:306:5)
<asynchronous suspension>
#9      IsolateManager._handlePause (package:dds/src/dap/isolate_manager.dart:695:7)
<asynchronous suspension>
#10     IsolateManager.handleEvent (package:dds/src/dap/isolate_manager.dart:207:7)
<asynchronous suspension>
#11     DartDebugAdapter.handleDebugEvent (package:dds/src/dap/adapters/dart.dart:2470:5)
<asynchronous suspension>
#12     DartDebugAdapter._withErrorHandling (package:dds/src/dap/adapters/dart.dart:2832:14)
<asynchronous suspension>
```

## flutter doctor

```
[✓] Flutter (Channel stable, 3.41.7, on Microsoft Windows [Version 10.0.19045.6466], locale en-US) [2.9s]
    • Flutter version 3.41.7 on channel stable at C:\flutter
    • Upstream repository https://github.com/flutter/flutter.git
    • Framework revision cc0734ac71 (7 weeks ago), 2026-04-15 21:21:08 -0700
    • Engine revision 59aa584fdf
    • Dart version 3.11.5
    • DevTools version 2.54.2
    • Feature flags: enable-web, enable-linux-desktop, enable-macos-desktop, enable-windows-desktop, enable-android, enable-ios, cli-animations, enable-native-assets, omit-legacy-version-file, enable-lldb-debugging, enable-uiscene-migration

[✓] Windows Version (10 Pro 64-bit, 22H2, 2009) [18.2s]

[✓] Android toolchain - develop for Android devices (Android SDK version 36.1.0) [15.2s]
    • Android SDK at C:\Users\USER\AppData\Local\Android\Sdk
    • Emulator version 36.5.11.0 (build_id 15261927) (CL:N/A)
    • Platform android-36.1, build-tools 36.1.0
    • Java binary at: C:\Program Files\Android\Android Studio\jbr\bin\java
      This is the JDK bundled with the latest Android Studio installation on this machine.
      To manually set the JDK path, use: `flutter config --jdk-dir="path/to/jdk"`.
    • Java version OpenJDK Runtime Environment (build 21.0.10+-14961533-b1163.108)
    • All Android licenses accepted.

[✓] Chrome - develop for the web [494ms]
    • Chrome at C:\Users\USER\AppData\Local\Google\Chrome\Application\chrome.exe

[✓] Visual Studio - develop Windows apps (Visual Studio Community 2022 17.14.12) [485ms]
    • Visual Studio at C:\Program Files\Microsoft Visual Studio\2022\Community
    • Visual Studio Community 2022 version 17.14.36408.4
    • Windows 10 SDK version 10.0.26100.0

[✓] Connected device (3 available) [1,427ms]
    • Windows (desktop) • windows • windows-x64    • Microsoft Windows [Version 10.0.19045.6466]
    • Chrome (web)      • chrome  • web-javascript • Google Chrome 148.0.7778.217
    • Edge (web)        • edge    • web-javascript • Microsoft Edge 148.0.3967.96

[✓] Network resources [1,056ms]
    • All expected network resources are available.

• No issues found!
```
